<?xml version="1.0" encoding="UTF-8"?>
<!-- Generated by org.testng.reporters.JUnitReportReporter -->
<testsuite skipped="0" hostname="Pradeep_singh" name="Boutiqaat.utills.StringTest" tests="1" failures="0" timestamp="21 Dec 2019 07:56:23 GMT" time="6.376" errors="0">
  <testcase name="stringReverse" time="6.376" classname="Boutiqaat.utills.StringTest"/>
</testsuite> <!-- Boutiqaat.utills.StringTest -->
