<?xml version="1.0" encoding="UTF-8"?>
<!-- Generated by org.testng.reporters.JUnitReportReporter -->
<testsuite skipped="0" hostname="Pradeep_singh" name="Boutiqaat.Boutiqaat.BaseClass" tests="1" failures="0" timestamp="29 Dec 2019 04:14:47 GMT" time="0.024" errors="0">
  <testcase name="testServer" time="0.024" classname="Boutiqaat.Boutiqaat.BaseClass"/>
</testsuite> <!-- Boutiqaat.Boutiqaat.BaseClass -->
